0 info it worked if it ends with ok
1 verbose cli [ '/usr/bin/nodejs', '/usr/bin/npm', 'run', 'scss' ]
2 info using npm@3.10.10
3 info using node@v6.10.2
4 verbose run-script [ 'prescss', 'scss', 'postscss' ]
5 info lifecycle demo@1.0.0~prescss: demo@1.0.0
6 silly lifecycle demo@1.0.0~prescss: no script for prescss, continuing
7 info lifecycle demo@1.0.0~scss: demo@1.0.0
8 verbose lifecycle demo@1.0.0~scss: unsafe-perm in lifecycle true
9 verbose lifecycle demo@1.0.0~scss: PATH: /usr/lib/node_modules/npm/bin/node-gyp-bin:/home/sonnenfeld/Downloads/html5/node_modules/.bin:/home/sonnenfeld/bin:/home/sonnenfeld/.local/bin:/home/sonnenfeld/bin:/home/sonnenfeld/.local/bin:/usr/local/sbin:/usr/local/bin:/usr/sbin:/usr/bin:/sbin:/bin:/usr/games:/usr/local/games:/snap/bin:/snap/bin
10 verbose lifecycle demo@1.0.0~scss: CWD: /home/sonnenfeld/Downloads/html5
11 silly lifecycle demo@1.0.0~scss: Args: [ '-c', 'node-sass --watch scss -o css' ]
12 silly lifecycle demo@1.0.0~scss: Returned: code: 1  signal: null
13 info lifecycle demo@1.0.0~scss: Failed to exec scss script
14 verbose stack Error: demo@1.0.0 scss: `node-sass --watch scss -o css`
14 verbose stack Exit status 1
14 verbose stack     at EventEmitter.<anonymous> (/usr/lib/node_modules/npm/lib/utils/lifecycle.js:255:16)
14 verbose stack     at emitTwo (events.js:106:13)
14 verbose stack     at EventEmitter.emit (events.js:191:7)
14 verbose stack     at ChildProcess.<anonymous> (/usr/lib/node_modules/npm/lib/utils/spawn.js:40:14)
14 verbose stack     at emitTwo (events.js:106:13)
14 verbose stack     at ChildProcess.emit (events.js:191:7)
14 verbose stack     at maybeClose (internal/child_process.js:886:16)
14 verbose stack     at Process.ChildProcess._handle.onexit (internal/child_process.js:226:5)
15 verbose pkgid demo@1.0.0
16 verbose cwd /home/sonnenfeld/Downloads/html5
17 error Linux 4.13.0-26-generic
18 error argv "/usr/bin/nodejs" "/usr/bin/npm" "run" "scss"
19 error node v6.10.2
20 error npm  v3.10.10
21 error code ELIFECYCLE
22 error demo@1.0.0 scss: `node-sass --watch scss -o css`
22 error Exit status 1
23 error Failed at the demo@1.0.0 scss script 'node-sass --watch scss -o css'.
23 error Make sure you have the latest version of node.js and npm installed.
23 error If you do, this is most likely a problem with the demo package,
23 error not with npm itself.
23 error Tell the author that this fails on your system:
23 error     node-sass --watch scss -o css
23 error You can get information on how to open an issue for this project with:
23 error     npm bugs demo
23 error Or if that isn't available, you can get their info via:
23 error     npm owner ls demo
23 error There is likely additional logging output above.
24 verbose exit [ 1, true ]
